<?xml version="1.0" encoding="UTF-8"?>
<!-- Generated by org.testng.reporters.JUnitReportReporter -->
<testsuite hostname="Sowmya" failures="0" tests="1" name="Automation.WebTableSortingStreams" time="5.021" errors="0" timestamp="2024-09-16T13:04:51 PDT" skipped="0">
  <testcase classname="Automation.WebTableSortingStreams" name="webTableSort" time="5.021"/>
</testsuite> <!-- Automation.WebTableSortingStreams -->
