<?xml version="1.0" encoding="UTF-8"?>
<!-- Generated by org.testng.reporters.JUnitReportReporter -->
<testsuite hostname="Sowmya" failures="0" tests="7" name="Automation.Test1" time="0.050" errors="0" timestamp="2024-09-14T06:42:19 PDT" skipped="0">
  <testcase classname="Automation.Test1" name="streamCollect" time="0.003"/>
  <testcase classname="Automation.Test1" name="TestThree" time="0.014"/>
  <testcase classname="Automation.Test1" name="findMatch" time="0.007"/>
  <testcase classname="Automation.Test1" name="TestTwo" time="0.003"/>
  <testcase classname="Automation.Test1" name="TestOne" time="0.014"/>
  <testcase classname="Automation.Test1" name="findUnique" time="0.006"/>
  <testcase classname="Automation.Test1" name="mergeStreams" time="0.003"/>
</testsuite> <!-- Automation.Test1 -->
